<?xml version="1.0" encoding="UTF-8"?>
<!-- Generated by org.testng.reporters.JUnitReportReporter -->
<testsuite hostname="dell" failures="0" tests="1" name="first.Read_Data" time="0.038" errors="0" timestamp="2024-05-18T04:41:09 IST" skipped="0">
  <testcase classname="first.Read_Data" name="readFromExcel" time="0.038"/>
  <system-out/>
</testsuite> <!-- first.Read_Data -->
