<?xml version="1.0" encoding="UTF-8"?>
<!-- Generated by org.testng.reporters.JUnitReportReporter -->
<testsuite hostname="dell" failures="0" tests="3" name="OHRMTestCases.LogoutTest" time="16.793" errors="0" timestamp="2024-05-26T01:32:39 IST" skipped="0">
  <testcase classname="OHRMTestCases.LogoutTest" name="doLogin" time="14.638"/>
  <system-out/>
  <testcase classname="OHRMTestCases.LogoutTest" name="verifyUrl" time="0.018"/>
  <system-out/>
  <testcase classname="OHRMTestCases.LogoutTest" name="doLogout" time="2.137"/>
  <system-out/>
</testsuite> <!-- OHRMTestCases.LogoutTest -->
