<?xml version="1.0" encoding="UTF-8"?>
<!-- Generated by org.testng.reporters.JUnitReportReporter -->
<testsuite hostname="dell" failures="0" tests="2" name="OHRMTestCases.LoginTest" time="0.044" errors="0" timestamp="2024-05-23T17:47:58 IST" skipped="0">
  <testcase classname="OHRMTestCases.LoginTest" name="verifyAppUrl" time="0.024"/>
  <system-out/>
  <testcase classname="OHRMTestCases.LoginTest" name="verifyAppTitle" time="0.020"/>
  <system-out/>
</testsuite> <!-- OHRMTestCases.LoginTest -->
