<?xml version="1.0" encoding="UTF-8"?>
<!-- Generated by org.testng.reporters.JUnitReportReporter -->
<testsuite hostname="dell" failures="0" tests="1" name="OHRMPages.Read_Data" time="0.034" errors="0" timestamp="2024-05-18T18:58:25 IST" skipped="0">
  <testcase classname="OHRMPages.Read_Data" name="readFromExcel" time="0.034"/>
  <system-out/>
</testsuite> <!-- OHRMPages.Read_Data -->
