<?xml version="1.0" encoding="UTF-8"?>
<!-- Generated by org.testng.reporters.JUnitReportReporter -->
<testsuite hostname="dell" failures="0" tests="4" name="webTestCases.DashboardPageTest" time="11.993" errors="0" timestamp="2024-05-23T22:11:31 IST" skipped="0">
  <testcase classname="webTestCases.DashboardPageTest" name="verifyAdmin" time="2.228"/>
  <system-out/>
  <testcase classname="webTestCases.DashboardPageTest" name="VerifySearchWithUsername" time="3.924"/>
  <system-out/>
  <testcase classname="webTestCases.DashboardPageTest" name="VerifySerchWithUserRole" time="2.912"/>
  <system-out/>
  <testcase classname="webTestCases.DashboardPageTest" name="VerifySerchWithUserStatus" time="2.929"/>
  <system-out/>
</testsuite> <!-- webTestCases.DashboardPageTest -->
