<?xml version="1.0" encoding="UTF-8"?>
<!-- Generated by org.testng.reporters.JUnitReportReporter -->
<testsuite hostname="dell" failures="0" tests="5" name="testCases.DashboardPageTest" time="17.669" errors="0" timestamp="2024-05-26T19:55:24 IST" skipped="0">
  <testcase classname="testCases.DashboardPageTest" name="login" time="2.744"/>
  <system-out/>
  <testcase classname="testCases.DashboardPageTest" name="verifyAdmin" time="3.660"/>
  <system-out/>
  <testcase classname="testCases.DashboardPageTest" name="VerifyByUsername" time="4.352"/>
  <system-out/>
  <testcase classname="testCases.DashboardPageTest" name="VerifyByUserRole" time="3.440"/>
  <system-out/>
  <testcase classname="testCases.DashboardPageTest" name="VerifyByUserStatus" time="3.473"/>
  <system-out/>
</testsuite> <!-- testCases.DashboardPageTest -->
