<?xml version="1.0" encoding="UTF-8"?>
<!-- Generated by org.testng.reporters.JUnitReportReporter -->
<testsuite hostname="dell" failures="0" tests="4" name="webTest.DashboardPageTest" time="14.813" errors="0" timestamp="2024-05-19T01:54:14 IST" skipped="0">
  <testcase classname="webTest.DashboardPageTest" name="verifyAdmin" time="4.773"/>
  <system-out/>
  <testcase classname="webTest.DashboardPageTest" name="VerifySearchWithUsername" time="4.108"/>
  <system-out/>
  <testcase classname="webTest.DashboardPageTest" name="VerifySerchWithUserRole" time="2.975"/>
  <system-out/>
  <testcase classname="webTest.DashboardPageTest" name="VerifySerchWithUserStatus" time="2.957"/>
  <system-out/>
</testsuite> <!-- webTest.DashboardPageTest -->
